app/proguard-rules.pro
# Add project specific ProGuard rules here.
# You can control the set of applied configuration files using the
# proguardFiles setting in build.gradle.
#
# For more details, see
#   http://developer.android.com/guide/developing/tools/proguard.html

# If your project uses WebView with JS, uncomment the following
# and specify the fully qualified class name to the JavaScript interface
# class:
#-keepclassmembers class fqcn.of.javascript.interface.for.webview {
#   public *;
#}

# Uncomment this to preserve the line number information for
# debugging stack traces.
#-keepattributes SourceFile,LineNumberTable

# If you keep the line number information, uncomment this to
# hide the original source file name.
#-renamesourcefileattribute SourceFile

#指定代码的压缩级别
-optimizationpasses 5
#包明不混合大小写
-dontusemixedcaseclassnames
#不去忽略非公共的库类
-dontskipnonpubliclibraryclasses

 #优化  不优化输入的类文件
-dontoptimize

 #预校验
-dontpreverify

 #混淆时是否记录日志
-verbose

 # 混淆时所采用的算法
-optimizations !code/simplification/arithmetic,!field/*,!class/merging/*

# 保持哪些类不被混淆
-keep class android.** {*;}
-keep public class * extends android.view
-keep public class * extends android.app.AppCompatActivity
-keep public class * extends android.app.Application
-keep public class * extends android.app.Service
-keep public class * extends android.content.pm
-keep public class * extends android.content.BroadcastReceiver
-keep public class * extends android.content.ContentProvider
-keep public class * extends android.app.backup.BackupAgentHelper
-keep public class * extends android.preference.Preference
-keep public class com.android.vending.licensing.ILicensingService
-keep public class * extends android.support.v4.app.Fragment

#忽略警告
-ignorewarnings

##记录生成的日志数据,gradle build时在本项目根目录输出##
#apk 包内所有 class 的内部结构
-dump proguard/class_files.txt
#未混淆的类和成员
-printseeds proguard/seeds.txt
#列出从 apk 中删除的代码
-printusage proguard/unused.txt
#混淆前后的映射
-printmapping proguard/mapping.txt
########记录生成的日志数据，gradle build时 在本项目根目录输出-end######

#如果引用了v4或者v7包
-dontwarn android.support.**
-dontwarn androidx.appcompat.**
-dontwarn androidx.core.**

####混淆保护自己项目的部分代码以及引用的第三方jar包library-end####

#保持 native 方法不被混淆
-keepclasseswithmembernames class * {
    native <methods>;
}

#保持自定义控件类不被混淆
-keepclasseswithmembers class * {
    public <init>(android.content.Context, android.util.AttributeSet);
}

# 保持自定义控件类不被混淆
-keepclasseswithmembers class * {
    public <init>(android.content.Context, android.util.AttributeSet, int);
}

#保持自定义控件类不被混淆
-keepclassmembers class * extends android.app.Activity {
   public void *(android.view.View);
}

-keep public class * extends android.view.View {
    public <init>(android.content.Context);
    public <init>(android.content.Context, android.util.AttributeSet);
    public <init>(android.content.Context, android.util.AttributeSet, int);
    public void set*(...);
}

#保持 Parcelable 不被混淆
-keep class * implements android.os.Parcelable {
  public static final android.os.Parcelable$Creator *;
}

#保持 Serializable 不被混淆
-keepnames class * implements java.io.Serializable

#保持 Serializable 不被混淆并且enum 类也不被混淆
-keepclassmembers class * implements java.io.Serializable {
    static final long serialVersionUID;
    private static final java.io.ObjectStreamField[] serialPersistentFields;
    !static !transient <fields>;
    !private <fields>;
    !private <methods>;
    private void writeObject(java.io.ObjectOutputStream);
    private void readObject(java.io.ObjectInputStream);
    java.lang.Object writeReplace();
    java.lang.Object readResolve();
}

#保持枚举 enum 类不被混淆
-keepclassmembers enum * {
  public static **[] values();
  public static ** valueOf(java.lang.String);
}

-keepclassmembers class * {
    public void *ButtonClicked(android.view.View);
}

#不混淆资源类
-keepclassmembers class **.R$* {
    public static <fields>;
}

#避免混淆泛型 如果混淆报错建议关掉
#-keepattributes Signature


#移除Log类打印各个等级日志的代码，打正式包的时候可以做为禁log使用，这里可以作为禁止log打印的功能使用，另外的一种实现方案是通过BuildConfig.DEBUG的变量来控制
#-assumenosideeffects class android.util.Log {
#    public static *** v(...);
#    public static *** i(...);
#    public static *** d(...);
#    public static *** w(...);
#    public static *** e(...);
#}

#############################################################################################
########################                 以上通用           ##################################
#############################################################################################

#######################     常用第三方模块的混淆选项         ###################################
#gson
#如果用用到Gson解析包的，直接添加下面这几行就能成功混淆，不然会报错。
-keepattributes Signature
# Gson specific classes
-keep class sun.misc.Unsafe {*;}
# Application classes that will be serialized/deserialized over Gson
-keep class com.google.gson.** {*;}
-keep class com.google.gson.stream.** {*;}

-keep class com.shangame.hxjsq.pojo.**{*;}
-keep class com.shangame.hxjsq.storage.**{*;}

#butterknife
-keep class butterknife.** {*;}
-dontwarn butterknife.internal.**
-keep class **$$ViewBinder {*;}

-keepclasseswithmembernames class * {
    @butterknife.* <fields>;
}

-keepclasseswithmembernames class * {
    @butterknife.* <methods>;
}

-dontwarn com.tencent.bugly.**
-keep public class com.tencent.bugly.**{*;}

-dontwarn com.raizlabs.android.dbflow.**
-keep public class com.raizlabs.android.dbflow.**{*;}

# 如果使用了Gson之类的工具要使被它解析的JavaBean类即实体类不被混淆。
-keep class com.matrix.app.entity.json.** { *; }
-keep class com.matrix.appsdk.network.model.** {*;}

# AgentWeb
-keep class com.just.library.** {
    *;
}
-dontwarn com.just.library.**

# 极光推送
#-dontwarn cn.jpush.**
#-keep class cn.jpush.** { *; }
#-keep class * extends cn.jpush.android.helpers.JPushMessageReceiver { *; }

#-dontwarn cn.jiguang.**
#-keep class cn.jiguang.** { *; }

-dontwarn com.tbruyelle.rxpermissions.**

-keep public class com.alibaba.android.arouter.routes.**{*;}
-keep class * implements com.alibaba.android.arouter.facade.template.ISyringe{*;}

-keep interface * implements com.alibaba.android.arouter.facade.template.IProvider
-keep class * implements com.alibaba.android.arouter.facade.template.IProvider

# greenDAO
#-keepclassmembers class * extends org.greenrobot.greendao.AbstractDao {
#public static java.lang.String TABLENAME;
#}
-keep class **$Properties{*;}

# If you do not use SQLCipher:
-dontwarn org.greenrobot.greendao.database.**
# If you do not use Rx:
-dontwarn rx.**

# protobuf
-keep class com.google.protobuf.** {*;}

# OkHttp3
-dontwarn com.squareup.okhttp3.**
-keep class com.squareup.okhttp3.** {*;}
-dontwarn okio.**

-dontwarn okhttp3.logging.**
-keep class okhttp3.logging.** {*;}

-dontwarn com.trello.rxlifecycle2.**
-keep class com.trello.rxlifecycle2.** {*;}

-dontwarn com.orhanobut.**
-keep class com.orhanobut.** {*;}

#BaseRecyclerViewAdapterHelper
-keep class com.chad.library.adapter.** {
*;
}
-keep public class * extends com.chad.library.adapter.base.BaseQuickAdapter
-keep public class * extends com.chad.library.adapter.base.BaseViewHolder
-keepclassmembers public class * extends com.chad.library.adapter.base.BaseViewHolder {
           <init>(android.view.View);
}

# Glide
-keep public class * implements com.bumptech.glide.module.GlideModule
-keep public enum com.bumptech.glide.load.resource.bitmap.ImageHeaderParser$** {
  **[] $VALUES;
  public *;
}

-keep class com.alipay.android.app.IAlixPay{*;}
-keep class com.alipay.android.app.IAlixPay$Stub{*;}
-keep class com.alipay.android.app.IRemoteServiceCallback{*;}
-keep class com.alipay.android.app.IRemoteServiceCallback$Stub{*;}
-keep class com.alipay.sdk.app.PayTask{ public *;}
-keep class com.alipay.sdk.app.AuthTask{ public *;}
-keep class com.alipay.sdk.app.H5PayCallback {
    <fields>;
    <methods>;
}
-keep class com.alipay.android.phone.mrpc.core.** {*;}
-keep class com.alipay.apmobilesecuritysdk.** {*;}
-keep class com.alipay.mobile.framework.service.annotation.** {*;}
-keep class com.alipay.mobilesecuritysdk.face.** {*;}
-keep class com.alipay.tscenter.biz.rpc.** {*;}
-keep class org.json.alipay.** {*;}
-keep class com.alipay.tscenter.** {*;}
-keep class com.ta.utdid2.** {*;}
-keep class com.ut.device.** {*;}

-keepattributes *Annotation*
-keepclassmembers class * {
    @org.greenrobot.eventbus.Subscribe <methods>;
}
-keep enum org.greenrobot.eventbus.ThreadMode {*;}

# Only required if you use AsyncExecutor
-keepclassmembers class * extends org.greenrobot.eventbus.util.ThrowableFailureEvent {
    <init>(java.lang.Throwable);
}

-keepclasseswithmembernames class ** {
    native <methods>;
}
-keepattributes Signature
-keep class sun.misc.Unsafe {*;}
-keep class com.taobao.** {*;}
-keep class com.alibaba.** {*;}
-keep class com.alipay.** {*;}
-keep class com.ut.** {*;}
-keep class com.ta.** {*;}
-keep class anet.**{*;}
-keep class anetwork.**{*;}
-keep class org.android.spdy.**{*;}
-keep class org.android.agoo.**{*;}
-keep class android.os.**{*;}
-dontwarn com.taobao.**
-dontwarn com.alibaba.**
-dontwarn com.alipay.**
-dontwarn anet.**
-dontwarn org.android.spdy.**
-dontwarn org.android.agoo.**
-dontwarn anetwork.**
-dontwarn com.ut.**
-dontwarn com.ta.**