app/proguard/seeds.txt
com.shangame.hxjsq.storage.db.ResultEntityDao$Properties: org.greenrobot.greendao.Property Id
com.shangame.hxjsq.widget.CustomToolbar: void setLeftTitleText(java.lang.String)
com.shangame.hxjsq.storage.model.ResultEntity: double getAccumulative()
com.shangame.hxjsq.storage.db.ResultEntityDao$Properties
com.shangame.hxjsq.storage.db.DaoSession: org.greenrobot.greendao.internal.DaoConfig resultEntityDaoConfig
com.shangame.hxjsq.storage.model.ResultEntity: long datetime
com.shangame.hxjsq.widget.CustomToolbar: void setRightTitleClickListener(android.view.View$OnClickListener)
com.shangame.hxjsq.storage.db.ResultEntityDao: void bindValues(org.greenrobot.greendao.database.DatabaseStatement,com.shangame.hxjsq.storage.model.ResultEntity)
com.shangame.hxjsq.storage.db.DaoMaster
com.shangame.hxjsq.view.main.MainActivity: void onClick(android.view.View)
com.shangame.hxjsq.storage.model.ResultEntity: double getScore2()
com.shangame.hxjsq.storage.model.ResultEntity: int getDuplicate()
com.shangame.hxjsq.storage.db.DaoMaster$OpenHelper: void onCreate(org.greenrobot.greendao.database.Database)
com.shangame.hxjsq.storage.db.ResultEntityDao: void readEntity(android.database.Cursor,com.shangame.hxjsq.storage.model.ResultEntity,int)
com.shangame.hxjsq.storage.manager.DbManager: DbManager()
com.shangame.hxjsq.adapter.RecordItemAdapter
com.shangame.hxjsq.storage.db.ResultEntityDao$Properties: org.greenrobot.greendao.Property Duplicate3
com.shangame.hxjsq.storage.db.ResultEntityDao$Properties: org.greenrobot.greendao.Property Name
com.shangame.hxjsq.storage.db.ResultEntityDao: boolean hasKey(com.shangame.hxjsq.storage.model.ResultEntity)
com.shangame.hxjsq.pojo.ResultBean$ResultDataBean: java.lang.String name2
com.shangame.hxjsq.storage.model.ResultEntity: java.lang.String name
com.shangame.hxjsq.storage.db.ResultEntityDao$Properties: org.greenrobot.greendao.Property Name3
com.shangame.hxjsq.storage.db.DbHelper
com.shangame.hxjsq.storage.model.ResultEntity: void setDuplicate2(int)
com.shangame.hxjsq.storage.model.ResultEntity: long number
com.shangame.hxjsq.storage.db.ResultEntityDao: void dropTable(org.greenrobot.greendao.database.Database,boolean)
com.shangame.hxjsq.storage.db.ResultEntityDao$Properties: org.greenrobot.greendao.Property Datetime
com.shangame.hxjsq.pojo.ResultBean: java.lang.String date
com.shangame.hxjsq.pojo.ResultBean$ResultDataBean: ResultBean$ResultDataBean()
com.shangame.hxjsq.storage.db.ResultEntityDao: java.lang.Object readKey(android.database.Cursor,int)
com.shangame.hxjsq.storage.db.DaoSession: DaoSession(org.greenrobot.greendao.database.Database,org.greenrobot.greendao.identityscope.IdentityScopeType,java.util.Map)
com.shangame.hxjsq.pojo.ResultBean: java.util.List resultData
com.shangame.hxjsq.pojo.ResultBean$ResultDataBean: long number
com.shangame.hxjsq.pojo.ResultBean$ResultDataBean: double score2
com.shangame.hxjsq.storage.manager.DbManager: java.lang.String DATABASE_NAME
com.shangame.hxjsq.storage.model.ResultEntity: void setAccumulative2(double)
com.shangame.hxjsq.storage.model.ResultEntity: void setAccumulative(double)
com.shangame.hxjsq.storage.db.ResultEntityDao: void bindValues(android.database.sqlite.SQLiteStatement,java.lang.Object)
com.shangame.hxjsq.storage.model.ResultEntity: double score2
com.shangame.hxjsq.net.ExceptionHandle$ResponseThrowable
com.shangame.hxjsq.storage.model.ResultEntity: void setDuplicate3(int)
com.shangame.hxjsq.pojo.ResultBean: ResultBean()
com.shangame.hxjsq.storage.db.ResultEntityDao$Properties: org.greenrobot.greendao.Property Duplicate
com.shangame.hxjsq.app.App: App()
com.shangame.hxjsq.storage.db.ResultEntityDao: com.shangame.hxjsq.storage.model.ResultEntity readEntity(android.database.Cursor,int)
com.shangame.hxjsq.storage.db.ResultEntityDao$Properties: org.greenrobot.greendao.Property Score
com.shangame.hxjsq.storage.manager.DbManager: void close()
com.shangame.hxjsq.storage.db.DaoMaster: com.shangame.hxjsq.storage.db.DaoSession newSession()
...
androidx.activity.OnBackPressedDispatcher: boolean hasEnabledCallbacks()
androidx.appcompat.widget.LinearLayoutCompat: void setWeightSum(float)
androidx.databinding.adapters.AbsSpinnerBindingAdapter: AbsSpinnerBindingAdapter()
androidx.appcompat.widget.ToolbarWidgetWrapper: void setLogo(int)
com.trello.rxlifecycle2.Functions$3: Functions$3()
androidx.constraintlayout.solver.widgets.ConstraintWidget: int getY()
androidx.appcompat.widget.Toolbar: int getContentInsetRight()
androidx.constraintlayout.widget.Barrier: int mResolvedType
androidx.databinding.library.baseAdapters.R$styleable: int[] ActionMode
androidx.databinding.DataBindingUtil: androidx.databinding.ViewDataBinding bind(androidx.databinding.DataBindingComponent,android.view.View[],int)
androidx.fragment.app.FragmentManagerImpl$FragmentLifecycleCallbacksHolder: boolean mRecursive
androidx.lifecycle.Transformations: androidx.lifecycle.LiveData switchMap(androidx.lifecycle.LiveData,androidx.arch.core.util.Function)
com.trello.rxlifecycle2.components.R$styleable: int[] ColorStateListItem
androidx.recyclerview.widget.MessageThreadUtil$2: int REFRESH
androidx.recyclerview.widget.AsyncListUtil$ViewCallback: int HINT_SCROLL_ASC
androidx.recyclerview.widget.LinearLayoutManager: boolean mLastStackFromEnd
androidx.core.view.ViewCompat$ScrollIndicators
androidx.appcompat.view.menu.ActionMenuItem: android.view.MenuItem$OnMenuItemClickListener mClickListener
androidx.appcompat.R$color: int primary_dark_material_light
com.google.gson.internal.bind.TreeTypeAdapter: void write(com.google.gson.stream.JsonWriter,java.lang.Object)
io.reactivex.internal.operators.observable.ObservableTakeUntil$TakeUntilMainObserver$OtherObserver: ObservableTakeUntil$TakeUntilMainObserver$OtherObserver(io.reactivex.internal.operators.observable.ObservableTakeUntil$TakeUntilMainObserver)
androidx.appcompat.R$id: int search_edit_frame
androidx.appcompat.R$attr: int fontProviderCerts
androidx.core.app.ActivityRecreator$3: ActivityRecreator$3(java.lang.Object,java.lang.Object)
androidx.appcompat.view.menu.MenuItemImpl: int mShowAsAction
com.trello.rxlifecycle2.components.R$layout: int abc_action_mode_bar
androidx.recyclerview.widget.OrientationHelper: void offsetChild(android.view.View,int)
com.google.gson.internal.$Gson$Types$GenericArrayTypeImpl: boolean equals(java.lang.Object)
androidx.constraintlayout.solver.widgets.ConstraintAnchor: boolean connect(androidx.constraintlayout.solver.widgets.ConstraintAnchor,int)
androidx.fragment.app.DialogFragment: void onActivityCreated(android.os.Bundle)
androidx.databinding.library.R$styleable: int FontFamilyFont_android_ttcIndex
androidx.databinding.ObservableByte$1: androidx.databinding.ObservableByte[] newArray(int)
androidx.core.content.res.FontResourcesParserCompat$FetchStrategy
io.reactivex.internal.util.ExceptionHelper$Termination: ExceptionHelper$Termination()
androidx.core.view.accessibility.AccessibilityNodeInfoCompat: void setFocusable(boolean)
androidx.core.widget.NestedScrollView$SavedState: android.os.Parcelable$Creator CREATOR
androidx.appcompat.app.ActionBarDrawerToggle: void setDrawerSlideAnimationEnabled(boolean)
org.greenrobot.greendao.database.DatabaseOpenHelper: void onOpen(android.database.sqlite.SQLiteDatabase)
androidx.viewpager.widget.ViewPager: void setPageTransformer(boolean,androidx.viewpager.widget.ViewPager$PageTransformer)
androidx.databinding.library.baseAdapters.R$styleable: int AppCompatTheme_actionBarItemBackground
androidx.databinding.library.baseAdapters.R$id: int split_action_bar
androidx.constraintlayout.solver.widgets.Guideline: void inferRelativePercentPosition()
androidx.recyclerview.widget.ListAdapter: void submitList(java.util.List)
androidx.constraintlayout.widget.ConstraintSet$Constraint: int startToStart
androidx.recyclerview.widget.ItemTouchHelper$Callback: void onChildDraw(android.graphics.Canvas,androidx.recyclerview.widget.RecyclerView,androidx.recyclerview.widget.RecyclerView$ViewHolder,float,float,int,boolean)