app/proguard/mapping.txt
# compiler: R8
# compiler_version: 1.5.69
# min_api: 19
# pg_map_id: d1da4f8
com.shangame.hxjsq.adapter.MainNameAdapter -> com.shangame.hxjsq.adapter.a:
    java.util.List mData -> b
    android.content.Context mContext -> c
    com.shangame.hxjsq.adapter.MainNameAdapter$NameFilter mFilter -> a
    java.util.List access$100(com.shangame.hxjsq.adapter.MainNameAdapter) -> a
    void add(java.lang.String) -> a
com.shangame.hxjsq.adapter.MainNameAdapter$1 -> com.shangame.hxjsq.adapter.a$a:
com.shangame.hxjsq.adapter.MainNameAdapter$NameFilter -> com.shangame.hxjsq.adapter.a$b:
    com.shangame.hxjsq.adapter.MainNameAdapter this$0 -> a
com.shangame.hxjsq.adapter.MainNameAdapter$ViewHolder -> com.shangame.hxjsq.adapter.a$c:
    android.widget.TextView textName -> a
com.shangame.hxjsq.adapter.RecordAdapter -> com.shangame.hxjsq.adapter.RecordAdapter:
    java.util.List mData -> b
    com.shangame.hxjsq.storage.db.ResultEntityDao mDao -> a
    com.shangame.hxjsq.storage.db.ResultEntityDao access$000(com.shangame.hxjsq.adapter.RecordAdapter) -> a
    void convert(com.chad.library.adapter.base.viewholder.BaseViewHolder,com.shangame.hxjsq.pojo.ResultBean) -> a
    java.util.List access$100(com.shangame.hxjsq.adapter.RecordAdapter) -> b
com.shangame.hxjsq.adapter.RecordAdapter$1 -> com.shangame.hxjsq.adapter.RecordAdapter$a:
    com.shangame.hxjsq.pojo.ResultBean val$entity -> a
    com.shangame.hxjsq.adapter.RecordAdapter this$0 -> b
com.shangame.hxjsq.adapter.RecordItemAdapter -> com.shangame.hxjsq.adapter.RecordItemAdapter:
    java.lang.String checkPoint(java.lang.String) -> a
    void convert(com.chad.library.adapter.base.viewholder.BaseViewHolder,com.shangame.hxjsq.pojo.ResultBean$ResultDataBean) -> a
com.shangame.hxjsq.app.App -> com.shangame.hxjsq.app.App:
    com.shangame.hxjsq.storage.db.DaoMaster mDaoMaster -> c
    com.shangame.hxjsq.app.App instance -> e
    android.database.sqlite.SQLiteDatabase db -> b
    com.shangame.hxjsq.storage.db.DaoMaster$DevOpenHelper dbHelper -> a
    com.shangame.hxjsq.storage.db.DaoSession mDaoSession -> d
    com.shangame.hxjsq.storage.db.DaoSession getSession() -> a
    com.shangame.hxjsq.app.App getInstance() -> b
    void initDatabase() -> c
com.shangame.hxjsq.base.BasePresenter -> a.a.a.a.a:
com.shangame.hxjsq.base.BaseView -> a.a.a.a.b:
    com.trello.rxlifecycle2.LifecycleTransformer bindToLife() -> a
com.shangame.hxjsq.net.ApiServer -> com.shangame.hxjsq.net.a:
    io.reactivex.Flowable setLoginLog(java.lang.String,int) -> a
com.shangame.hxjsq.net.BaseSubscriber -> com.shangame.hxjsq.net.b:
    void hideDialog() -> a
    void onError(com.shangame.hxjsq.net.ExceptionHandle$ResponseThrowable) -> a
    void showDialog() -> b
com.shangame.hxjsq.net.ExceptionHandle -> com.shangame.hxjsq.net.ExceptionHandle:
    com.shangame.hxjsq.net.ExceptionHandle$ResponseThrowable handleException(java.lang.Throwable) -> a
com.shangame.hxjsq.net.RetrofitManager -> com.shangame.hxjsq.net.c:
    okhttp3.OkHttpClient sOkHttpClient -> b
    com.google.gson.Gson gson -> e
    com.shangame.hxjsq.net.ApiServer apiServer -> a
    retrofit2.Retrofit sRetrofit -> c
    com.shangame.hxjsq.net.RetrofitManager retrofitManager -> d
    void createBannerApi(retrofit2.Retrofit) -> a
    com.shangame.hxjsq.net.ApiServer getApiServer() -> a
    void createApi() -> b
    com.shangame.hxjsq.net.RetrofitManager getInstance() -> c
    okhttp3.OkHttpClient getOkHttpClient() -> d
com.shangame.hxjsq.net.RetrofitManager$1 -> com.shangame.hxjsq.net.c$a:
com.shangame.hxjsq.net.RetrofitManager$2 -> com.shangame.hxjsq.net.c$b:
com.shangame.hxjsq.net.RetrofitManager$3 -> com.shangame.hxjsq.net.c$c:
com.shangame.hxjsq.net.RetrofitManager$HttpLogger -> com.shangame.hxjsq.net.c$d:
    java.lang.StringBuilder mMessage -> a
com.shangame.hxjsq.net.RetrofitManager$HttpResponseFuncBackPressure -> com.shangame.hxjsq.net.c$e:
    io.reactivex.Flowable apply(java.lang.Throwable) -> a
...
io.reactivex.internal.disposables.DisposableContainer -> io.reactivex.internal.disposables.a:
    boolean delete(io.reactivex.disposables.Disposable) -> a
    boolean remove(io.reactivex.disposables.Disposable) -> b
    boolean add(io.reactivex.disposables.Disposable) -> c
io.reactivex.internal.disposables.DisposableHelper -> io.reactivex.internal.disposables.DisposableHelper:
    io.reactivex.internal.disposables.DisposableHelper[] $VALUES -> a
io.reactivex.internal.disposables.EmptyDisposable -> io.reactivex.internal.disposables.EmptyDisposable:
    io.reactivex.internal.disposables.EmptyDisposable[] $VALUES -> a
io.reactivex.internal.disposables.ListCompositeDisposable -> io.reactivex.internal.disposables.b:
    java.util.List resources -> a
    boolean disposed -> b
    boolean delete(io.reactivex.disposables.Disposable) -> a
    void dispose(java.util.List) -> a
    boolean remove(io.reactivex.disposables.Disposable) -> b
    boolean add(io.reactivex.disposables.Disposable) -> c
io.reactivex.internal.disposables.ResettableConnectable -> io.reactivex.internal.disposables.c:
    void resetIf(io.reactivex.disposables.Disposable) -> a
io.reactivex.internal.functions.Functions -> io.reactivex.z.a.a:
    io.reactivex.functions.Action EMPTY_ACTION -> b
    java.lang.Runnable EMPTY_RUNNABLE -> a
    java.util.concurrent.Callable justCallable(java.lang.Object) -> a
    io.reactivex.functions.Function toFunction(io.reactivex.functions.BiFunction) -> a
io.reactivex.internal.functions.Functions$Array2Func -> io.reactivex.z.a.a$a:
    io.reactivex.functions.BiFunction f -> a
    java.lang.Object apply(java.lang.Object[]) -> a
io.reactivex.internal.functions.Functions$EmptyAction -> io.reactivex.z.a.a$b:
io.reactivex.internal.functions.Functions$EmptyConsumer -> io.reactivex.z.a.a$c:
io.reactivex.internal.functions.Functions$EmptyLongConsumer -> io.reactivex.z.a.a$d:
io.reactivex.internal.functions.Functions$EmptyRunnable -> io.reactivex.z.a.a$e:
io.reactivex.internal.functions.Functions$ErrorConsumer -> io.reactivex.z.a.a$f:
    void accept(java.lang.Throwable) -> a
io.reactivex.internal.functions.Functions$FalsePredicate -> io.reactivex.z.a.a$g:
io.reactivex.internal.functions.Functions$Identity -> io.reactivex.z.a.a$h:
io.reactivex.internal.functions.Functions$JustValue -> io.reactivex.z.a.a$i:
    java.lang.Object value -> a
io.reactivex.internal.functions.Functions$MaxRequestSubscription -> io.reactivex.z.a.a$j:
    void accept(org.reactivestreams.Subscription) -> a
io.reactivex.internal.functions.Functions$NaturalObjectComparator -> io.reactivex.z.a.a$k:
io.reactivex.internal.functions.Functions$NullCallable -> io.reactivex.z.a.a$l:
io.reactivex.internal.functions.Functions$OnErrorMissingConsumer -> io.reactivex.z.a.a$m:
    void accept(java.lang.Throwable) -> a
io.reactivex.internal.functions.Functions$TruePredicate -> io.reactivex.z.a.a$n:
io.reactivex.internal.functions.ObjectHelper -> io.reactivex.z.a.b:
    int compare(int,int) -> a
    int compare(long,long) -> a
    boolean equals(java.lang.Object,java.lang.Object) -> a
    java.lang.Object requireNonNull(java.lang.Object,java.lang.String) -> a
    int verifyPositive(int,java.lang.String) -> a
io.reactivex.internal.functions.ObjectHelper$BiObjectPredicate -> io.reactivex.z.a.b$a:
io.reactivex.internal.fuseable.ConditionalSubscriber -> io.reactivex.z.b.a:
    boolean tryOnNext(java.lang.Object) -> a
io.reactivex.internal.fuseable.FuseToObservable -> io.reactivex.z.b.b:
io.reactivex.internal.fuseable.HasUpstreamMaybeSource -> io.reactivex.z.b.c:
io.reactivex.internal.fuseable.HasUpstreamObservableSource -> io.reactivex.z.b.d:
io.reactivex.internal.fuseable.HasUpstreamPublisher -> io.reactivex.z.b.e:
io.reactivex.internal.fuseable.QueueDisposable -> io.reactivex.z.b.f:
io.reactivex.internal.fuseable.QueueFuseable -> io.reactivex.z.b.g:
io.reactivex.internal.fuseable.QueueSubscription -> io.reactivex.z.b.h:
io.reactivex.internal.fuseable.ScalarCallable -> io.reactivex.z.b.i: