app/proguard/unused.txt
com.shangame.hxjsq.view.splash.SplashContract
com.shangame.hxjsq.common.PreferenceKeys
com.shangame.hxjsq.widget.CustomDialog
    public void <init>(android.content.Context)
com.shangame.hxjsq.net.RetrofitManager$3
    public io.reactivex.SingleSource apply(io.reactivex.Single)
com.shangame.hxjsq.R$styleable
com.shangame.hxjsq.utils.RxUtil$5
    public io.reactivex.ObservableSource apply(io.reactivex.Observable)
com.shangame.hxjsq.view.main.MainActivity
    private static final java.lang.String SP_KEY_SEARCH
    private static final java.lang.String SP_NAME
    private static final java.lang.String SP_SEPARATOR
    private static final int MAX_HISTORY_COUNT
    private static final java.lang.String SP_EMPTY_TAG
com.shangame.hxjsq.utils.StatusBarUtil$1
com.shangame.hxjsq.utils.ShellUtils
    private void <init>()
    public static com.shangame.hxjsq.utils.ShellUtils$CommandResult execCmd(java.util.List,boolean)
    public static com.shangame.hxjsq.utils.ShellUtils$CommandResult execCmd(java.lang.String[],boolean)
    public static com.shangame.hxjsq.utils.ShellUtils$CommandResult execCmd(java.lang.String,boolean,boolean)
    public static com.shangame.hxjsq.utils.ShellUtils$CommandResult execCmd(java.util.List,boolean,boolean)
com.shangame.hxjsq.view.splash.SplashActivity
    public boolean isActive()
com.shangame.hxjsq.utils.RxSPTool
    public void <init>()
    public static void putContent(android.content.Context,java.lang.String,java.lang.String)
    public static java.lang.String getContent(android.content.Context,java.lang.String)
    public static void putString(android.content.Context,java.lang.String,java.lang.String)
    public static java.lang.String getString(android.content.Context,java.lang.String)
    public static void putInt(android.content.Context,java.lang.String,int)
    public static int getInt(android.content.Context,java.lang.String)
    public static void putLong(android.content.Context,java.lang.String,long)
    public static long getLong(android.content.Context,java.lang.String)
    public static void putFloat(android.content.Context,java.lang.String,float)
    public static float getFloat(android.content.Context,java.lang.String)
    public static boolean getBoolean(android.content.Context,java.lang.String)
    public static void remove(android.content.Context,java.lang.String)
    public static void putJSONCache(android.content.Context,java.lang.String,java.lang.String)
    public static java.lang.String readJSONCache(android.content.Context,java.lang.String)
    public static void clearPreference(android.content.Context,java.lang.String)
    private static final java.lang.String SP_NAME
com.shangame.hxjsq.app.App
    public android.database.sqlite.SQLiteDatabase getDb()
com.shangame.hxjsq.net.RetrofitManager$1
    public io.reactivex.ObservableSource apply(io.reactivex.Observable)
com.shangame.hxjsq.view.splash.SplashPresenter
    public void subscribe()
com.shangame.hxjsq.utils.Utils$ActivityLifecycleImpl
    void addListener(java.lang.Object,com.shangame.hxjsq.utils.Utils$OnAppStatusChangedListener)
    void removeListener(java.lang.Object)
    android.app.Activity getTopActivity()
com.shangame.hxjsq.net.RetrofitManager
    public static io.reactivex.ObservableTransformer composeError()
    public static io.reactivex.FlowableTransformer composeBackpressureError()
    public static io.reactivex.SingleTransformer composeSingleError()
    private static final int CONN_TIMEOUT
    private static final int READ_TIMEOUT
    private static final int WRITE_TIMEOUT
com.shangame.hxjsq.R$interpolator
com.shangame.hxjsq.utils.RxUtil$3
    public io.reactivex.ObservableSource apply(io.reactivex.Observable)
com.shangame.hxjsq.view.splash.SplashContract$Presenter
    public abstract void takeView(com.shangame.hxjsq.view.splash.SplashContract$View)
    public abstract void loadSplash()
...
kotlin.reflect.KClass$DefaultImpls
io.reactivex.internal.operators.observable.ObservableWindowBoundary$WindowBoundaryInnerObserver
org.greenrobot.greendao.annotation.Convert
kotlin.jvm.internal.FloatCompanionObject
kotlin.experimental.ExperimentalTypeInference
io.reactivex.internal.operators.flowable.FlowableInternalHelper$ReplayFunction
io.reactivex.internal.operators.observable.ObservableThrottleLatest
kotlin.ranges.ComparableRange
kotlin.collections.UShortIterator
okhttp3.internal.ws.RealWebSocket$Message
io.reactivex.internal.operators.observable.ObservableAmb$AmbCoordinator
io.reactivex.internal.operators.maybe.MaybeFlatMapNotification
kotlin.collections.CollectionsKt___CollectionsKt$asSequence$$inlined$Sequence$1
kotlin.sequences.SequencesKt___SequencesKt$sorted$1
io.reactivex.internal.operators.flowable.FlowableBufferExactBoundary$BufferExactBoundarySubscriber
kotlin.collections.unsigned.UArraysKt___UArraysKt
kotlin.sequences.DropWhileSequence
io.reactivex.internal.operators.observable.ObservableElementAt$ElementAtObserver
kotlin.coroutines.intrinsics.IntrinsicsKt__IntrinsicsJvmKt$createCoroutineFromSuspendFunction$2
kotlin.reflect.KCallable$DefaultImpls
io.reactivex.internal.operators.completable.CompletableFromObservable
kotlin.jvm.internal.markers.KMutableList
kotlin.text.MatchGroupCollection
kotlin.UnsafeVariance
okhttp3.Cookie
    void <init>(okhttp3.Cookie$Builder)
    private static boolean pathMatch(okhttp3.HttpUrl,java.lang.String)
    public boolean persistent()
    public long expiresAt()
    public boolean hostOnly()
    public java.lang.String domain()
    public java.lang.String path()
    public boolean httpOnly()
    public boolean secure()
    public boolean matches(okhttp3.HttpUrl)
kotlin.jvm.internal.PropertyReference2
io.reactivex.internal.operators.flowable.FlowableSwitchMap$SwitchMapSubscriber
kotlin.time.Duration
io.reactivex.internal.operators.mixed.ObservableConcatMapSingle$ConcatMapSingleMainObserver$ConcatMapSingleObserver
io.reactivex.internal.schedulers.InstantPeriodicTask
io.reactivex.internal.operators.observable.ObservableSwitchIfEmpty$SwitchIfEmptyObserver
kotlin.collections.MutableMapWithDefaultImpl
io.reactivex.internal.operators.parallel.ParallelDoOnNextTry$1
kotlin.collections.AbstractIterator
io.reactivex.internal.operators.single.SingleDoOnTerminate$DoOnTerminate
org.intellij.lang.annotations.JdkConstants$FontStyle
kotlin.collections.ArraysKt___ArraysKt$asIterable$$inlined$Iterable$8
io.reactivex.internal.operators.maybe.MaybeDelayOtherPublisher$OtherSubscriber
io.reactivex.internal.operators.parallel.ParallelMapTry$1
io.reactivex.internal.fuseable.FuseToMaybe
io.reactivex.internal.operators.completable.CompletableMergeIterable$MergeCompletableObserver
kotlin.collections.AbstractMap
kotlin.time.DurationUnitKt__DurationUnitKt
kotlin.collections.ArraysKt___ArraysKt$withIndex$5
org.greenrobot.greendao.rx.RxDao$3
io.reactivex.internal.operators.completable.CompletableMergeIterable
kotlin.jvm.functions.Function17
io.reactivex.internal.fuseable.SimpleQueue
    public abstract boolean offer(java.lang.Object,java.lang.Object)
io.reactivex.internal.operators.observable.ObservableSkipWhile
io.reactivex.processors.MulticastProcessor